<?xml version="1.0" encoding="UTF-8"?>
<testsuite xmlns:xsi="http://www.w3.org/2001/XMLSchema-instance" xsi:noNamespaceSchemaLocation="https://maven.apache.org/surefire/maven-surefire-plugin/xsd/surefire-test-report-3.0.xsd" version="3.0" name="edu.shadsluiter.comments.CommentsApplicationTests" time="5.501" tests="1" errors="0" skipped="0" failures="0">
  <properties>
[...]
</properties>
  <testcase name="contextLoads" classname="edu.shadsluiter.comments.CommentsApplicationTests" time="1.379">
    <system-out><![CDATA[19:48:12.695 [main] INFO org.springframework.test.context.support.AnnotationConfigContextLoaderUtils -- Could not detect default configuration classes for test class [edu.shadsluiter.comments.CommentsApplicationTests]: CommentsApplicationTests does not declare any static, non-private, non-final, nested classes annotated with @Configuration.
19:48:12.910 [main] INFO org.springframework.boot.test.context.SpringBootTestContextBootstrapper -- Found @SpringBootConfiguration edu.shadsluiter.comments.CommentsApplication for test class edu.shadsluiter.comments.CommentsApplicationTests
19:48:13.291 [main] INFO org.springframework.boot.devtools.restart.RestartApplicationListener -- Restart disabled due to context in which it is running

  .   ____          _            __ _ _
 /\\ / ___'_ __ _ _(_)_ __  __ _ \ \ \ \
( ( )\___ | '_ | '_| | '_ \/ _` | \ \ \ \
 \\/  ___)| |_)| | | | | || (_| |  ) ) ) )
  '  |____| .__|_| |_|_| |_\__, | / / / /
 =========|_|==============|___/=/_/_/_/
 :: Spring Boot ::                (v3.2.5)

2025-12-14T19:48:14.042-07:00  INFO 8708 --- [comments] [           main] e.s.comments.CommentsApplicationTests    : Starting CommentsApplicationTests using Java 21.0.8 with PID 8708 (started by Marko in C:\Users\user\CST-323\commentsappCICD-main)
2025-12-14T19:48:14.045-07:00  INFO 8708 --- [comments] [           main] e.s.comments.CommentsApplicationTests    : No active profile set, falling back to 1 default profile: "default"
2025-12-14T19:48:15.858-07:00  INFO 8708 --- [comments] [           main] o.s.b.a.w.s.WelcomePageHandlerMapping    : Adding welcome page template: index
2025-12-14T19:48:16.436-07:00  INFO 8708 --- [comments] [           main] e.s.comments.CommentsApplicationTests    : Started CommentsApplicationTests in 3.184 seconds (process running for 5.062)
]]></system-out>
    <system-err><![CDATA[WARNING: A Java agent has been loaded dynamically (C:\Users\user\.m2\repository\net\bytebuddy\byte-buddy-agent\1.14.13\byte-buddy-agent-1.14.13.jar)
WARNING: If a serviceability tool is in use, please run with -XX:+EnableDynamicAgentLoading to hide this warning
WARNING: If a serviceability tool is not in use, please run with -Djdk.instrument.traceUsage for more information
WARNING: Dynamic loading of agents will be disallowed by default in a future release
]]></system-err>
  </testcase>
</testsuite>